#-----------------------------------------------------------
# Vivado v2019.2 (64-bit)
# SW Build 2708876 on Wed Nov  6 21:40:23 MST 2019
# IP Build 2700528 on Thu Nov  7 00:09:20 MST 2019
# Start of session at: Thu Mar 26 15:23:00 2020
# Process ID: 1944
# Current directory: C:/Users/Ray/Desktop/Arquitectura/Archivo_de_registros/registro
# Command line: vivado.exe -gui_launcher_event rodinguilauncherevent10092 C:\Users\Ray\Desktop\Arquitectura\Archivo_de_registros\registro\registro.xpr
# Log file: C:/Users/Ray/Desktop/Arquitectura/Archivo_de_registros/registro/vivado.log
# Journal file: C:/Users/Ray/Desktop/Arquitectura/Archivo_de_registros/registro\vivado.jou
#-----------------------------------------------------------
start_gui
open_project C:/Users/Ray/Desktop/Arquitectura/Archivo_de_registros/registro/registro.xpr
Scanning sources...
Finished scanning sources
INFO: [IP_Flow 19-234] Refreshing IP repositories
INFO: [IP_Flow 19-1704] No user IP repositories specified
INFO: [IP_Flow 19-2313] Loaded Vivado IP repository 'C:/Xilinx/Vivado/2019.2/data/ip'.
open_project: Time (s): cpu = 00:00:44 ; elapsed = 00:00:26 . Memory (MB): peak = 851.348 ; gain = 238.527
update_compile_order -fileset sources_1
exit
INFO: [Common 17-206] Exiting Vivado at Thu Mar 26 15:24:37 2020...
