
*** Running vivado
    with args -log Arc_Reg.vds -m64 -product Vivado -mode batch -messageDb vivado.pb -notrace -source Arc_Reg.tcl


****** Vivado v2019.2 (64-bit)
  **** SW Build 2708876 on Wed Nov  6 21:40:23 MST 2019
  **** IP Build 2700528 on Thu Nov  7 00:09:20 MST 2019
    ** Copyright 1986-2019 Xilinx, Inc. All Rights Reserved.

source Arc_Reg.tcl -notrace
create_project: Time (s): cpu = 00:00:05 ; elapsed = 00:00:06 . Memory (MB): peak = 425.281 ; gain = 127.695
Command: synth_design -top Arc_Reg -part xc7a100tcsg324-1
Starting synth_design
Attempting to get a license for feature 'Synthesis' and/or device 'xc7a100t'
INFO: [Common 17-349] Got license for feature 'Synthesis' and/or device 'xc7a100t'
INFO: Launching helper process for spawning children vivado processes
INFO: Helper process launched with PID 7920 
---------------------------------------------------------------------------------
Starting Synthesize : Time (s): cpu = 00:00:10 ; elapsed = 00:00:11 . Memory (MB): peak = 687.477 ; gain = 237.363
---------------------------------------------------------------------------------
WARNING: [Synth 8-2551] possible infinite loop; process does not have a wait statement [C:/Users/Ray/Desktop/Arquitectura/Archivo_de_registros/arcchivo_de_registro/arcchivo_de_registro.srcs/sources_1/new/Arc_Reg.vhd:139]
INFO: [Synth 8-638] synthesizing module 'Arc_Reg' [C:/Users/Ray/Desktop/Arquitectura/Archivo_de_registros/arcchivo_de_registro/arcchivo_de_registro.srcs/sources_1/new/Arc_Reg.vhd:16]
INFO: [Synth 8-3491] module 'demux_16' declared at 'C:/Users/Ray/Desktop/Arquitectura/Archivo_de_registros/arcchivo_de_registro/arcchivo_de_registro.srcs/sources_1/imports/new/demux_16.vhd:3' bound to instance 'WR_writeregister' of component 'demux_16' [C:/Users/Ray/Desktop/Arquitectura/Archivo_de_registros/arcchivo_de_registro/arcchivo_de_registro.srcs/sources_1/new/Arc_Reg.vhd:70]
INFO: [Synth 8-638] synthesizing module 'demux_16' [C:/Users/Ray/Desktop/Arquitectura/Archivo_de_registros/arcchivo_de_registro/arcchivo_de_registro.srcs/sources_1/imports/new/demux_16.vhd:10]
INFO: [Synth 8-256] done synthesizing module 'demux_16' (1#1) [C:/Users/Ray/Desktop/Arquitectura/Archivo_de_registros/arcchivo_de_registro/arcchivo_de_registro.srcs/sources_1/imports/new/demux_16.vhd:10]
INFO: [Synth 8-3491] module 'Barrel' declared at 'C:/Users/Ray/Desktop/Arquitectura/Archivo_de_registros/arcchivo_de_registro/arcchivo_de_registro.srcs/sources_1/imports/Archivo de registros/Barrel.vhd:7' bound to instance 'Barrel_shifter' of component 'Barrel' [C:/Users/Ray/Desktop/Arquitectura/Archivo_de_registros/arcchivo_de_registro/arcchivo_de_registro.srcs/sources_1/new/Arc_Reg.vhd:76]
INFO: [Synth 8-638] synthesizing module 'Barrel' [C:/Users/Ray/Desktop/Arquitectura/Archivo_de_registros/arcchivo_de_registro/arcchivo_de_registro.srcs/sources_1/imports/Archivo de registros/Barrel.vhd:14]
INFO: [Synth 8-256] done synthesizing module 'Barrel' (2#1) [C:/Users/Ray/Desktop/Arquitectura/Archivo_de_registros/arcchivo_de_registro/arcchivo_de_registro.srcs/sources_1/imports/Archivo de registros/Barrel.vhd:14]
INFO: [Synth 8-3491] module 'mux_16' declared at 'C:/Users/Ray/Desktop/Arquitectura/Archivo_de_registros/arcchivo_de_registro/arcchivo_de_registro.srcs/sources_1/imports/new/mux_16.vhd:5' bound to instance 'muxreadData1' of component 'mux_16' [C:/Users/Ray/Desktop/Arquitectura/Archivo_de_registros/arcchivo_de_registro/arcchivo_de_registro.srcs/sources_1/new/Arc_Reg.vhd:82]
INFO: [Synth 8-638] synthesizing module 'mux_16' [C:/Users/Ray/Desktop/Arquitectura/Archivo_de_registros/arcchivo_de_registro/arcchivo_de_registro.srcs/sources_1/imports/new/mux_16.vhd:26]
WARNING: [Synth 8-614] signal 'canal_9' is read in the process but is not in the sensitivity list [C:/Users/Ray/Desktop/Arquitectura/Archivo_de_registros/arcchivo_de_registro/arcchivo_de_registro.srcs/sources_1/imports/new/mux_16.vhd:29]
WARNING: [Synth 8-614] signal 'canal_10' is read in the process but is not in the sensitivity list [C:/Users/Ray/Desktop/Arquitectura/Archivo_de_registros/arcchivo_de_registro/arcchivo_de_registro.srcs/sources_1/imports/new/mux_16.vhd:29]
WARNING: [Synth 8-614] signal 'canal_11' is read in the process but is not in the sensitivity list [C:/Users/Ray/Desktop/Arquitectura/Archivo_de_registros/arcchivo_de_registro/arcchivo_de_registro.srcs/sources_1/imports/new/mux_16.vhd:29]
WARNING: [Synth 8-614] signal 'canal_12' is read in the process but is not in the sensitivity list [C:/Users/Ray/Desktop/Arquitectura/Archivo_de_registros/arcchivo_de_registro/arcchivo_de_registro.srcs/sources_1/imports/new/mux_16.vhd:29]
WARNING: [Synth 8-614] signal 'canal_13' is read in the process but is not in the sensitivity list [C:/Users/Ray/Desktop/Arquitectura/Archivo_de_registros/arcchivo_de_registro/arcchivo_de_registro.srcs/sources_1/imports/new/mux_16.vhd:29]
WARNING: [Synth 8-614] signal 'canal_14' is read in the process but is not in the sensitivity list [C:/Users/Ray/Desktop/Arquitectura/Archivo_de_registros/arcchivo_de_registro/arcchivo_de_registro.srcs/sources_1/imports/new/mux_16.vhd:29]
WARNING: [Synth 8-614] signal 'canal_15' is read in the process but is not in the sensitivity list [C:/Users/Ray/Desktop/Arquitectura/Archivo_de_registros/arcchivo_de_registro/arcchivo_de_registro.srcs/sources_1/imports/new/mux_16.vhd:29]
INFO: [Synth 8-256] done synthesizing module 'mux_16' (3#1) [C:/Users/Ray/Desktop/Arquitectura/Archivo_de_registros/arcchivo_de_registro/arcchivo_de_registro.srcs/sources_1/imports/new/mux_16.vhd:26]
INFO: [Synth 8-3491] module 'mux_16' declared at 'C:/Users/Ray/Desktop/Arquitectura/Archivo_de_registros/arcchivo_de_registro/arcchivo_de_registro.srcs/sources_1/imports/new/mux_16.vhd:5' bound to instance 'muxreadData2' of component 'mux_16' [C:/Users/Ray/Desktop/Arquitectura/Archivo_de_registros/arcchivo_de_registro/arcchivo_de_registro.srcs/sources_1/new/Arc_Reg.vhd:102]
INFO: [Synth 8-3491] module 'mux2_1' declared at 'C:/Users/Ray/Desktop/Arquitectura/Archivo_de_registros/arcchivo_de_registro/arcchivo_de_registro.srcs/sources_1/imports/new/mux2_1.vhd:4' bound to instance 'entrada_registros' of component 'mux2_1' [C:/Users/Ray/Desktop/Arquitectura/Archivo_de_registros/arcchivo_de_registro/arcchivo_de_registro.srcs/sources_1/new/Arc_Reg.vhd:122]
INFO: [Synth 8-638] synthesizing module 'mux2_1' [C:/Users/Ray/Desktop/Arquitectura/Archivo_de_registros/arcchivo_de_registro/arcchivo_de_registro.srcs/sources_1/imports/new/mux2_1.vhd:10]
WARNING: [Synth 8-614] signal 'p' is read in the process but is not in the sensitivity list [C:/Users/Ray/Desktop/Arquitectura/Archivo_de_registros/arcchivo_de_registro/arcchivo_de_registro.srcs/sources_1/imports/new/mux2_1.vhd:12]
WARNING: [Synth 8-614] signal 's' is read in the process but is not in the sensitivity list [C:/Users/Ray/Desktop/Arquitectura/Archivo_de_registros/arcchivo_de_registro/arcchivo_de_registro.srcs/sources_1/imports/new/mux2_1.vhd:12]
INFO: [Synth 8-256] done synthesizing module 'mux2_1' (4#1) [C:/Users/Ray/Desktop/Arquitectura/Archivo_de_registros/arcchivo_de_registro/arcchivo_de_registro.srcs/sources_1/imports/new/mux2_1.vhd:10]
INFO: [Synth 8-3491] module 'registro1' declared at 'C:/Users/Ray/Desktop/Arquitectura/Archivo_de_registros/arcchivo_de_registro/arcchivo_de_registro.srcs/sources_1/imports/new/registro1.vhd:5' bound to instance 'Registros' of component 'registro1' [C:/Users/Ray/Desktop/Arquitectura/Archivo_de_registros/arcchivo_de_registro/arcchivo_de_registro.srcs/sources_1/new/Arc_Reg.vhd:131]
INFO: [Synth 8-638] synthesizing module 'registro1' [C:/Users/Ray/Desktop/Arquitectura/Archivo_de_registros/arcchivo_de_registro/arcchivo_de_registro.srcs/sources_1/imports/new/registro1.vhd:11]
INFO: [Synth 8-256] done synthesizing module 'registro1' (5#1) [C:/Users/Ray/Desktop/Arquitectura/Archivo_de_registros/arcchivo_de_registro/arcchivo_de_registro.srcs/sources_1/imports/new/registro1.vhd:11]
INFO: [Synth 8-3491] module 'registro1' declared at 'C:/Users/Ray/Desktop/Arquitectura/Archivo_de_registros/arcchivo_de_registro/arcchivo_de_registro.srcs/sources_1/imports/new/registro1.vhd:5' bound to instance 'Registros' of component 'registro1' [C:/Users/Ray/Desktop/Arquitectura/Archivo_de_registros/arcchivo_de_registro/arcchivo_de_registro.srcs/sources_1/new/Arc_Reg.vhd:131]
INFO: [Synth 8-3491] module 'registro1' declared at 'C:/Users/Ray/Desktop/Arquitectura/Archivo_de_registros/arcchivo_de_registro/arcchivo_de_registro.srcs/sources_1/imports/new/registro1.vhd:5' bound to instance 'Registros' of component 'registro1' [C:/Users/Ray/Desktop/Arquitectura/Archivo_de_registros/arcchivo_de_registro/arcchivo_de_registro.srcs/sources_1/new/Arc_Reg.vhd:131]
INFO: [Synth 8-3491] module 'registro1' declared at 'C:/Users/Ray/Desktop/Arquitectura/Archivo_de_registros/arcchivo_de_registro/arcchivo_de_registro.srcs/sources_1/imports/new/registro1.vhd:5' bound to instance 'Registros' of component 'registro1' [C:/Users/Ray/Desktop/Arquitectura/Archivo_de_registros/arcchivo_de_registro/arcchivo_de_registro.srcs/sources_1/new/Arc_Reg.vhd:131]
INFO: [Synth 8-3491] module 'registro1' declared at 'C:/Users/Ray/Desktop/Arquitectura/Archivo_de_registros/arcchivo_de_registro/arcchivo_de_registro.srcs/sources_1/imports/new/registro1.vhd:5' bound to instance 'Registros' of component 'registro1' [C:/Users/Ray/Desktop/Arquitectura/Archivo_de_registros/arcchivo_de_registro/arcchivo_de_registro.srcs/sources_1/new/Arc_Reg.vhd:131]
INFO: [Synth 8-3491] module 'registro1' declared at 'C:/Users/Ray/Desktop/Arquitectura/Archivo_de_registros/arcchivo_de_registro/arcchivo_de_registro.srcs/sources_1/imports/new/registro1.vhd:5' bound to instance 'Registros' of component 'registro1' [C:/Users/Ray/Desktop/Arquitectura/Archivo_de_registros/arcchivo_de_registro/arcchivo_de_registro.srcs/sources_1/new/Arc_Reg.vhd:131]
INFO: [Synth 8-3491] module 'registro1' declared at 'C:/Users/Ray/Desktop/Arquitectura/Archivo_de_registros/arcchivo_de_registro/arcchivo_de_registro.srcs/sources_1/imports/new/registro1.vhd:5' bound to instance 'Registros' of component 'registro1' [C:/Users/Ray/Desktop/Arquitectura/Archivo_de_registros/arcchivo_de_registro/arcchivo_de_registro.srcs/sources_1/new/Arc_Reg.vhd:131]
INFO: [Synth 8-3491] module 'registro1' declared at 'C:/Users/Ray/Desktop/Arquitectura/Archivo_de_registros/arcchivo_de_registro/arcchivo_de_registro.srcs/sources_1/imports/new/registro1.vhd:5' bound to instance 'Registros' of component 'registro1' [C:/Users/Ray/Desktop/Arquitectura/Archivo_de_registros/arcchivo_de_registro/arcchivo_de_registro.srcs/sources_1/new/Arc_Reg.vhd:131]
INFO: [Synth 8-3491] module 'registro1' declared at 'C:/Users/Ray/Desktop/Arquitectura/Archivo_de_registros/arcchivo_de_registro/arcchivo_de_registro.srcs/sources_1/imports/new/registro1.vhd:5' bound to instance 'Registros' of component 'registro1' [C:/Users/Ray/Desktop/Arquitectura/Archivo_de_registros/arcchivo_de_registro/arcchivo_de_registro.srcs/sources_1/new/Arc_Reg.vhd:131]
INFO: [Synth 8-3491] module 'registro1' declared at 'C:/Users/Ray/Desktop/Arquitectura/Archivo_de_registros/arcchivo_de_registro/arcchivo_de_registro.srcs/sources_1/imports/new/registro1.vhd:5' bound to instance 'Registros' of component 'registro1' [C:/Users/Ray/Desktop/Arquitectura/Archivo_de_registros/arcchivo_de_registro/arcchivo_de_registro.srcs/sources_1/new/Arc_Reg.vhd:131]
INFO: [Synth 8-3491] module 'registro1' declared at 'C:/Users/Ray/Desktop/Arquitectura/Archivo_de_registros/arcchivo_de_registro/arcchivo_de_registro.srcs/sources_1/imports/new/registro1.vhd:5' bound to instance 'Registros' of component 'registro1' [C:/Users/Ray/Desktop/Arquitectura/Archivo_de_registros/arcchivo_de_registro/arcchivo_de_registro.srcs/sources_1/new/Arc_Reg.vhd:131]
INFO: [Synth 8-3491] module 'registro1' declared at 'C:/Users/Ray/Desktop/Arquitectura/Archivo_de_registros/arcchivo_de_registro/arcchivo_de_registro.srcs/sources_1/imports/new/registro1.vhd:5' bound to instance 'Registros' of component 'registro1' [C:/Users/Ray/Desktop/Arquitectura/Archivo_de_registros/arcchivo_de_registro/arcchivo_de_registro.srcs/sources_1/new/Arc_Reg.vhd:131]
INFO: [Synth 8-3491] module 'registro1' declared at 'C:/Users/Ray/Desktop/Arquitectura/Archivo_de_registros/arcchivo_de_registro/arcchivo_de_registro.srcs/sources_1/imports/new/registro1.vhd:5' bound to instance 'Registros' of component 'registro1' [C:/Users/Ray/Desktop/Arquitectura/Archivo_de_registros/arcchivo_de_registro/arcchivo_de_registro.srcs/sources_1/new/Arc_Reg.vhd:131]
INFO: [Synth 8-3491] module 'registro1' declared at 'C:/Users/Ray/Desktop/Arquitectura/Archivo_de_registros/arcchivo_de_registro/arcchivo_de_registro.srcs/sources_1/imports/new/registro1.vhd:5' bound to instance 'Registros' of component 'registro1' [C:/Users/Ray/Desktop/Arquitectura/Archivo_de_registros/arcchivo_de_registro/arcchivo_de_registro.srcs/sources_1/new/Arc_Reg.vhd:131]
INFO: [Synth 8-3491] module 'registro1' declared at 'C:/Users/Ray/Desktop/Arquitectura/Archivo_de_registros/arcchivo_de_registro/arcchivo_de_registro.srcs/sources_1/imports/new/registro1.vhd:5' bound to instance 'Registros' of component 'registro1' [C:/Users/Ray/Desktop/Arquitectura/Archivo_de_registros/arcchivo_de_registro/arcchivo_de_registro.srcs/sources_1/new/Arc_Reg.vhd:131]
INFO: [Synth 8-3491] module 'registro1' declared at 'C:/Users/Ray/Desktop/Arquitectura/Archivo_de_registros/arcchivo_de_registro/arcchivo_de_registro.srcs/sources_1/imports/new/registro1.vhd:5' bound to instance 'Registros' of component 'registro1' [C:/Users/Ray/Desktop/Arquitectura/Archivo_de_registros/arcchivo_de_registro/arcchivo_de_registro.srcs/sources_1/new/Arc_Reg.vhd:131]
INFO: [Synth 8-256] done synthesizing module 'Arc_Reg' (6#1) [C:/Users/Ray/Desktop/Arquitectura/Archivo_de_registros/arcchivo_de_registro/arcchivo_de_registro.srcs/sources_1/new/Arc_Reg.vhd:16]
---------------------------------------------------------------------------------
Finished Synthesize : Time (s): cpu = 00:00:13 ; elapsed = 00:00:15 . Memory (MB): peak = 756.738 ; gain = 306.625
---------------------------------------------------------------------------------
---------------------------------------------------------------------------------
Finished Constraint Validation : Time (s): cpu = 00:00:14 ; elapsed = 00:00:16 . Memory (MB): peak = 756.738 ; gain = 306.625
---------------------------------------------------------------------------------
---------------------------------------------------------------------------------
Start Loading Part and Timing Information
---------------------------------------------------------------------------------
Loading part: xc7a100tcsg324-1
---------------------------------------------------------------------------------
Finished Loading Part and Timing Information : Time (s): cpu = 00:00:14 ; elapsed = 00:00:16 . Memory (MB): peak = 756.738 ; gain = 306.625
---------------------------------------------------------------------------------
INFO: [Device 21-403] Loading part xc7a100tcsg324-1
---------------------------------------------------------------------------------
Finished RTL Optimization Phase 2 : Time (s): cpu = 00:00:17 ; elapsed = 00:00:18 . Memory (MB): peak = 756.738 ; gain = 306.625
---------------------------------------------------------------------------------

Report RTL Partitions: 
+-+--------------+------------+----------+
| |RTL Partition |Replication |Instances |
+-+--------------+------------+----------+
+-+--------------+------------+----------+
No constraint files found.
---------------------------------------------------------------------------------
Start RTL Component Statistics 
---------------------------------------------------------------------------------
Detailed RTL Component Info : 
+---Registers : 
	               16 Bit    Registers := 16    
+---Muxes : 
	  17 Input     16 Bit        Muxes := 1     
	   2 Input     16 Bit        Muxes := 10    
	   2 Input     15 Bit        Muxes := 4     
	   2 Input     14 Bit        Muxes := 4     
	   2 Input     13 Bit        Muxes := 4     
	   2 Input     12 Bit        Muxes := 4     
	   2 Input     11 Bit        Muxes := 4     
	   2 Input     10 Bit        Muxes := 4     
	   2 Input      9 Bit        Muxes := 3     
	   2 Input      8 Bit        Muxes := 3     
	   2 Input      7 Bit        Muxes := 3     
	   2 Input      6 Bit        Muxes := 3     
	   2 Input      5 Bit        Muxes := 2     
	   2 Input      4 Bit        Muxes := 2     
	   2 Input      3 Bit        Muxes := 1     
	   2 Input      1 Bit        Muxes := 49    
---------------------------------------------------------------------------------
Finished RTL Component Statistics 
---------------------------------------------------------------------------------
---------------------------------------------------------------------------------
Start RTL Hierarchical Component Statistics 
---------------------------------------------------------------------------------
Hierarchical RTL Component report 
Module demux_16 
Detailed RTL Component Info : 
+---Muxes : 
	  17 Input     16 Bit        Muxes := 1     
Module Barrel 
Detailed RTL Component Info : 
+---Muxes : 
	   2 Input     16 Bit        Muxes := 9     
	   2 Input     15 Bit        Muxes := 4     
	   2 Input     14 Bit        Muxes := 4     
	   2 Input     13 Bit        Muxes := 4     
	   2 Input     12 Bit        Muxes := 4     
	   2 Input     11 Bit        Muxes := 4     
	   2 Input     10 Bit        Muxes := 4     
	   2 Input      9 Bit        Muxes := 3     
	   2 Input      8 Bit        Muxes := 3     
	   2 Input      7 Bit        Muxes := 3     
	   2 Input      6 Bit        Muxes := 3     
	   2 Input      5 Bit        Muxes := 2     
	   2 Input      4 Bit        Muxes := 2     
	   2 Input      3 Bit        Muxes := 1     
	   2 Input      1 Bit        Muxes := 49    
Module mux2_1 
Detailed RTL Component Info : 
+---Muxes : 
	   2 Input     16 Bit        Muxes := 1     
Module registro1 
Detailed RTL Component Info : 
+---Registers : 
	               16 Bit    Registers := 1     
---------------------------------------------------------------------------------
Finished RTL Hierarchical Component Statistics
---------------------------------------------------------------------------------
---------------------------------------------------------------------------------
Start Part Resource Summary
---------------------------------------------------------------------------------
Part Resources:
DSPs: 240 (col length:80)
BRAMs: 270 (col length: RAMB18 80 RAMB36 40)
---------------------------------------------------------------------------------
Finished Part Resource Summary
---------------------------------------------------------------------------------
No constraint files found.
---------------------------------------------------------------------------------
Start Cross Boundary and Area Optimization
---------------------------------------------------------------------------------
Warning: Parallel synthesis criteria is not met 
---------------------------------------------------------------------------------
Finished Cross Boundary and Area Optimization : Time (s): cpu = 00:00:33 ; elapsed = 00:00:35 . Memory (MB): peak = 984.500 ; gain = 534.387
---------------------------------------------------------------------------------

Report RTL Partitions: 
+-+--------------+------------+----------+
| |RTL Partition |Replication |Instances |
+-+--------------+------------+----------+
+-+--------------+------------+----------+
No constraint files found.
---------------------------------------------------------------------------------
Start Timing Optimization
---------------------------------------------------------------------------------
---------------------------------------------------------------------------------
Finished Timing Optimization : Time (s): cpu = 00:00:34 ; elapsed = 00:00:36 . Memory (MB): peak = 984.500 ; gain = 534.387
---------------------------------------------------------------------------------

Report RTL Partitions: 
+-+--------------+------------+----------+
| |RTL Partition |Replication |Instances |
+-+--------------+------------+----------+
+-+--------------+------------+----------+
---------------------------------------------------------------------------------
Start Technology Mapping
---------------------------------------------------------------------------------
---------------------------------------------------------------------------------
Finished Technology Mapping : Time (s): cpu = 00:00:35 ; elapsed = 00:00:37 . Memory (MB): peak = 984.500 ; gain = 534.387
---------------------------------------------------------------------------------

Report RTL Partitions: 
+-+--------------+------------+----------+
| |RTL Partition |Replication |Instances |
+-+--------------+------------+----------+
+-+--------------+------------+----------+
---------------------------------------------------------------------------------
Start IO Insertion
---------------------------------------------------------------------------------
---------------------------------------------------------------------------------
Start Flattening Before IO Insertion
---------------------------------------------------------------------------------
---------------------------------------------------------------------------------
Finished Flattening Before IO Insertion
---------------------------------------------------------------------------------
---------------------------------------------------------------------------------
Start Final Netlist Cleanup
---------------------------------------------------------------------------------
---------------------------------------------------------------------------------
Finished Final Netlist Cleanup
---------------------------------------------------------------------------------
---------------------------------------------------------------------------------
Finished IO Insertion : Time (s): cpu = 00:00:58 ; elapsed = 00:01:00 . Memory (MB): peak = 984.500 ; gain = 534.387
---------------------------------------------------------------------------------
---------------------------------------------------------------------------------
Start Renaming Generated Instances
---------------------------------------------------------------------------------
---------------------------------------------------------------------------------
Finished Renaming Generated Instances : Time (s): cpu = 00:00:58 ; elapsed = 00:01:00 . Memory (MB): peak = 984.500 ; gain = 534.387
---------------------------------------------------------------------------------

Report RTL Partitions: 
+-+--------------+------------+----------+
| |RTL Partition |Replication |Instances |
+-+--------------+------------+----------+
+-+--------------+------------+----------+

Report Check Netlist: 
+------+------------------+-------+---------+-------+------------------+
|      |Item              |Errors |Warnings |Status |Description       |
+------+------------------+-------+---------+-------+------------------+
|1     |multi_driven_nets |      0|        0|Passed |Multi driven nets |
+------+------------------+-------+---------+-------+------------------+
---------------------------------------------------------------------------------
Start Rebuilding User Hierarchy
---------------------------------------------------------------------------------
---------------------------------------------------------------------------------
Finished Rebuilding User Hierarchy : Time (s): cpu = 00:00:58 ; elapsed = 00:01:00 . Memory (MB): peak = 984.500 ; gain = 534.387
---------------------------------------------------------------------------------
---------------------------------------------------------------------------------
Start Renaming Generated Ports
---------------------------------------------------------------------------------
---------------------------------------------------------------------------------
Finished Renaming Generated Ports : Time (s): cpu = 00:00:58 ; elapsed = 00:01:00 . Memory (MB): peak = 984.500 ; gain = 534.387
---------------------------------------------------------------------------------
---------------------------------------------------------------------------------
Start Handling Custom Attributes
---------------------------------------------------------------------------------
---------------------------------------------------------------------------------
Finished Handling Custom Attributes : Time (s): cpu = 00:00:58 ; elapsed = 00:01:00 . Memory (MB): peak = 984.500 ; gain = 534.387
---------------------------------------------------------------------------------
---------------------------------------------------------------------------------
Start Renaming Generated Nets
---------------------------------------------------------------------------------
---------------------------------------------------------------------------------
Finished Renaming Generated Nets : Time (s): cpu = 00:00:58 ; elapsed = 00:01:00 . Memory (MB): peak = 984.500 ; gain = 534.387
---------------------------------------------------------------------------------
---------------------------------------------------------------------------------
Start Writing Synthesis Report
---------------------------------------------------------------------------------

Report BlackBoxes: 
+-+--------------+----------+
| |BlackBox name |Instances |
+-+--------------+----------+
+-+--------------+----------+

Report Cell Usage: 
+------+------+------+
|      |Cell  |Count |
+------+------+------+
|1     |BUFG  |     1|
|2     |LUT2  |     4|
|3     |LUT3  |    10|
|4     |LUT4  |     2|
|5     |LUT5  |    28|
|6     |LUT6  |   180|
|7     |MUXF7 |    64|
|8     |MUXF8 |    32|
|9     |FDCE  |   256|
|10    |IBUF  |    37|
|11    |OBUF  |    32|
+------+------+------+

Report Instance Areas: 
+------+------------------------+-------------+------+
|      |Instance                |Module       |Cells |
+------+------------------------+-------------+------+
|1     |top                     |             |   646|
|2     |  \ciclo[0].Registros   |registro1    |    17|
|3     |  \ciclo[10].Registros  |registro1_0  |    17|
|4     |  \ciclo[11].Registros  |registro1_1  |    81|
|5     |  \ciclo[12].Registros  |registro1_2  |    17|
|6     |  \ciclo[13].Registros  |registro1_3  |    17|
|7     |  \ciclo[14].Registros  |registro1_4  |    17|
|8     |  \ciclo[15].Registros  |registro1_5  |    49|
|9     |  \ciclo[1].Registros   |registro1_6  |    17|
|10    |  \ciclo[2].Registros   |registro1_7  |    17|
|11    |  \ciclo[3].Registros   |registro1_8  |   193|
|12    |  \ciclo[4].Registros   |registro1_9  |    17|
|13    |  \ciclo[5].Registros   |registro1_10 |    17|
|14    |  \ciclo[6].Registros   |registro1_11 |    17|
|15    |  \ciclo[7].Registros   |registro1_12 |    49|
|16    |  \ciclo[8].Registros   |registro1_13 |    17|
|17    |  \ciclo[9].Registros   |registro1_14 |    17|
+------+------------------------+-------------+------+
---------------------------------------------------------------------------------
Finished Writing Synthesis Report : Time (s): cpu = 00:00:58 ; elapsed = 00:01:00 . Memory (MB): peak = 984.500 ; gain = 534.387
---------------------------------------------------------------------------------
Synthesis finished with 0 errors, 0 critical warnings and 10 warnings.
Synthesis Optimization Runtime : Time (s): cpu = 00:00:58 ; elapsed = 00:01:00 . Memory (MB): peak = 984.500 ; gain = 534.387
Synthesis Optimization Complete : Time (s): cpu = 00:00:58 ; elapsed = 00:01:00 . Memory (MB): peak = 984.500 ; gain = 534.387
INFO: [Project 1-571] Translating synthesized netlist
Netlist sorting complete. Time (s): cpu = 00:00:00 ; elapsed = 00:00:00.027 . Memory (MB): peak = 984.500 ; gain = 0.000
INFO: [Netlist 29-17] Analyzing 96 Unisim elements for replacement
INFO: [Netlist 29-28] Unisim Transformation completed in 0 CPU seconds
INFO: [Project 1-570] Preparing netlist for logic optimization
INFO: [Opt 31-138] Pushed 0 inverter(s) to 0 load pin(s).
Netlist sorting complete. Time (s): cpu = 00:00:00 ; elapsed = 00:00:00.001 . Memory (MB): peak = 1044.684 ; gain = 0.000
INFO: [Project 1-111] Unisim Transformation Summary:
No Unisim elements were transformed.

INFO: [Common 17-83] Releasing license: Synthesis
42 Infos, 10 Warnings, 0 Critical Warnings and 0 Errors encountered.
synth_design completed successfully
synth_design: Time (s): cpu = 00:01:09 ; elapsed = 00:01:12 . Memory (MB): peak = 1044.684 ; gain = 619.402
Netlist sorting complete. Time (s): cpu = 00:00:00 ; elapsed = 00:00:00.001 . Memory (MB): peak = 1044.684 ; gain = 0.000
WARNING: [Constraints 18-5210] No constraints selected for write.
Resolution: This message can indicate that there are no constraints for the design, or it can indicate that the used_in flags are set such that the constraints are ignored. This later case is used when running synth_design to not write synthesis constraints to the resulting checkpoint. Instead, project constraints are read when the synthesized design is opened.
INFO: [Common 17-1381] The checkpoint 'C:/Users/Ray/Desktop/Arquitectura/Archivo_de_registros/arcchivo_de_registro/arcchivo_de_registro.runs/synth_1/Arc_Reg.dcp' has been generated.
INFO: [runtcl-4] Executing : report_utilization -file Arc_Reg_utilization_synth.rpt -pb Arc_Reg_utilization_synth.pb
INFO: [Common 17-206] Exiting Vivado at Thu Mar 26 15:37:54 2020...
