Vivado Simulator 2019.2
Copyright 1986-1999, 2001-2019 Xilinx, Inc. All Rights Reserved.
Running: C:/Xilinx/Vivado/2019.2/bin/unwrapped/win64.o/xelab.exe -wto e894b3b589b8478aaf1cd403847ad2b2 --incr --debug typical --relax --mt 2 -L xil_defaultlib -L secureip --snapshot tb_arch_reg_behav xil_defaultlib.tb_arch_reg -log elaborate.log 
Using 2 slave threads.
Starting static elaboration
Completed static elaboration
Starting simulation data flow analysis
Completed simulation data flow analysis
Time Resolution for simulation is 1ps
Compiling package std.standard
Compiling package std.textio
Compiling package ieee.std_logic_1164
Compiling package ieee.std_logic_textio
Compiling package ieee.std_logic_arith
Compiling package ieee.std_logic_unsigned
Compiling architecture behavioral of entity xil_defaultlib.registro1 [registro1_default]
Compiling architecture behavioral of entity xil_defaultlib.demux_16 [demux_16_default]
Compiling architecture behavioral of entity xil_defaultlib.Barrel [barrel_default]
Compiling architecture behavioral of entity xil_defaultlib.mux2_1 [mux2_1_default]
Compiling architecture behavioral of entity xil_defaultlib.mux_16 [mux_16_default]
Compiling architecture behavioral of entity xil_defaultlib.Arc_Reg [arc_reg_default]
Compiling architecture behavioral of entity xil_defaultlib.tb_arch_reg
Built simulation snapshot tb_arch_reg_behav
