Vivado Simulator 2019.2
Copyright 1986-1999, 2001-2019 Xilinx, Inc. All Rights Reserved.
Running: C:/Xilinx/Vivado/2019.2/bin/unwrapped/win64.o/xelab.exe -wto 9fc0206db9dd4ca88b444583d90482c9 --incr --debug typical --relax --mt 2 -L xil_defaultlib -L secureip --snapshot UC_F_tb_behav xil_defaultlib.UC_F_tb -log elaborate.log 
Using 2 slave threads.
Starting static elaboration
Completed static elaboration
Starting simulation data flow analysis
Completed simulation data flow analysis
Time Resolution for simulation is 1ps
Compiling package std.standard
Compiling package std.textio
Compiling package ieee.std_logic_1164
Compiling package ieee.std_logic_textio
Compiling package ieee.std_logic_arith
Compiling package ieee.std_logic_unsigned
Compiling architecture behavioral of entity xil_defaultlib.MfunCode [mfuncode_default]
Compiling architecture behavioral of entity xil_defaultlib.Mux5 [mux5_default]
Compiling architecture behavioral of entity xil_defaultlib.MopCode [mopcode_default]
Compiling architecture behavioral of entity xil_defaultlib.Mux20 [mux20_default]
Compiling architecture behavioral of entity xil_defaultlib.Deco_Instru [deco_instru_default]
Compiling architecture behavioral of entity xil_defaultlib.Bloq_Nivel [bloq_nivel_default]
Compiling architecture behavioral of entity xil_defaultlib.Registro [registro_default]
Compiling architecture behavioral of entity xil_defaultlib.Bloq_Cond [bloq_cond_default]
Compiling architecture behavioral of entity xil_defaultlib.Uni_Con [uni_con_default]
Compiling architecture behavioral of entity xil_defaultlib.UC_F [uc_f_default]
Compiling architecture behavioral of entity xil_defaultlib.uc_f_tb
Built simulation snapshot UC_F_tb_behav
