Vivado Simulator 2019.2
Copyright 1986-1999, 2001-2019 Xilinx, Inc. All Rights Reserved.
Running: C:/Xilinx/Vivado/2019.2/bin/unwrapped/win64.o/xelab.exe -wto 0096c28b1ccc4dd18ffcf73b09df03e9 --incr --debug typical --relax --mt 2 -L xil_defaultlib -L secureip --snapshot ASM_tb_behav xil_defaultlib.ASM_tb -log elaborate.log 
Using 2 slave threads.
Starting static elaboration
Completed static elaboration
Starting simulation data flow analysis
Completed simulation data flow analysis
Time Resolution for simulation is 1ps
Compiling package std.standard
Compiling package std.textio
Compiling package ieee.std_logic_1164
Compiling package ieee.std_logic_arith
Compiling package ieee.std_logic_unsigned
Compiling architecture behavioral of entity xil_defaultlib.UC [uc_default]
Compiling architecture behavioral of entity xil_defaultlib.Arreglo [arreglo_default]
Compiling architecture behavioral of entity xil_defaultlib.Contador [contador_default]
Compiling architecture behavioral of entity xil_defaultlib.Decodificador [decodificador_default]
Compiling architecture behavioral of entity xil_defaultlib.Mux [mux_default]
Compiling architecture behavioral of entity xil_defaultlib.ASM [asm_default]
Compiling architecture behavioral of entity xil_defaultlib.asm_tb
Built simulation snapshot ASM_tb_behav
